<?xml version="1.0" encoding="UTF-8"?>
<!-- Generated by org.testng.reporters.JUnitReportReporter -->
<testsuite hostname="LAPTOP-D04C1MQQ" failures="0" tests="1" name="com.java.Day12_Jan_24_A_Assertions_In_TestNG.C_Register_Assertions_Using_Assert" time="8.695" errors="0" timestamp="2024-01-24T20:10:26 EST" skipped="0">
  <testcase classname="com.java.Day12_Jan_24_A_Assertions_In_TestNG.C_Register_Assertions_Using_Assert" name="RegisterWithoutEnteringAnyFields" time="8.695"/>
</testsuite> <!-- com.java.Day12_Jan_24_A_Assertions_In_TestNG.C_Register_Assertions_Using_Assert -->
