<?xml version="1.0" encoding="UTF-8"?>
<!-- Generated by org.testng.reporters.JUnitReportReporter -->
<testsuite hostname="LAPTOP-D04C1MQQ" failures="0" tests="1" name="com.TestNG.Day17_Feb_13_B_Parameterization_Of_Test.A_Parameterization_TestNG_Xml_File" time="8.856" errors="0" timestamp="2024-02-13T22:39:14 EST" skipped="0">
  <testcase classname="com.TestNG.Day17_Feb_13_B_Parameterization_Of_Test.A_Parameterization_TestNG_Xml_File" name="loginTNParameterziationConcept" time="8.856"/>
</testsuite> <!-- com.TestNG.Day17_Feb_13_B_Parameterization_Of_Test.A_Parameterization_TestNG_Xml_File -->
