<?xml version="1.0" encoding="UTF-8"?>
<!-- Generated by org.testng.reporters.JUnitReportReporter -->
<testsuite hostname="LAPTOP-D04C1MQQ" failures="0" tests="2" name="com.automation.Day15_Feb_6_B_Applying_OOPs_In_Automation.B_Login" time="13.644" errors="0" timestamp="2024-02-09T19:57:28 EST" skipped="0">
  <testcase classname="com.automation.Day15_Feb_6_B_Applying_OOPs_In_Automation.B_Login" name="verifyLoginWithValidCredentials" time="8.337"/>
  <testcase classname="com.automation.Day15_Feb_6_B_Applying_OOPs_In_Automation.B_Login" name="verifyLoginWithInvalidCredentials" time="5.307"/>
</testsuite> <!-- com.automation.Day15_Feb_6_B_Applying_OOPs_In_Automation.B_Login -->
