<?xml version="1.0" encoding="UTF-8"?>
<!-- Generated by org.testng.reporters.JUnitReportReporter -->
<testsuite hostname="LAPTOP-D04C1MQQ" failures="0" tests="4" name="com.TestNG.Day16_Feb_7_A_DataProvider.C_ClassAssignment" time="29.957" errors="0" timestamp="2024-02-07T21:50:44 EST" skipped="0">
  <testcase classname="com.TestNG.Day16_Feb_7_A_DataProvider.C_ClassAssignment" name="registerTest" time="6.242"/>
  <testcase classname="com.TestNG.Day16_Feb_7_A_DataProvider.C_ClassAssignment" name="registerTest" time="7.206"/>
  <testcase classname="com.TestNG.Day16_Feb_7_A_DataProvider.C_ClassAssignment" name="registerTest" time="6.429"/>
  <testcase classname="com.TestNG.Day16_Feb_7_A_DataProvider.C_ClassAssignment" name="registerTest" time="10.080"/>
</testsuite> <!-- com.TestNG.Day16_Feb_7_A_DataProvider.C_ClassAssignment -->
