<?xml version="1.0" encoding="UTF-8"?>
<!-- Generated by org.testng.reporters.JUnitReportReporter -->
<testsuite hostname="LAPTOP-D04C1MQQ" failures="0" tests="3" name="com.TestNG.Day16_Feb_7_A_DataProvider.A_Rules_DataProvider" time="0.023" errors="0" timestamp="2024-02-10T14:20:40 EST" skipped="0">
  <testcase classname="com.TestNG.Day16_Feb_7_A_DataProvider.A_Rules_DataProvider" name="loginTest" time="0.002"/>
  <testcase classname="com.TestNG.Day16_Feb_7_A_DataProvider.A_Rules_DataProvider" name="loginTest" time="0.002"/>
  <testcase classname="com.TestNG.Day16_Feb_7_A_DataProvider.A_Rules_DataProvider" name="loginTest" time="0.019"/>
</testsuite> <!-- com.TestNG.Day16_Feb_7_A_DataProvider.A_Rules_DataProvider -->
