<?xml version="1.0" encoding="UTF-8"?>
<!-- Generated by org.testng.reporters.JUnitReportReporter -->
<testsuite hostname="LAPTOP-D04C1MQQ" failures="0" tests="1" name="com.automation.Day14_Jan_31_A_Introduction_To_DataDriven_Testing.C_TN_Data_From_PropertiesFile" time="0.007" errors="0" timestamp="2024-01-31T22:50:41 EST" skipped="0">
  <testcase classname="com.automation.Day14_Jan_31_A_Introduction_To_DataDriven_Testing.C_TN_Data_From_PropertiesFile" name="userPath" time="0.007"/>
</testsuite> <!-- com.automation.Day14_Jan_31_A_Introduction_To_DataDriven_Testing.C_TN_Data_From_PropertiesFile -->
