<?xml version="1.0" encoding="UTF-8"?>
<!-- Generated by org.testng.reporters.JUnitReportReporter -->
<testsuite hostname="LAPTOP-D04C1MQQ" failures="0" tests="5" name="com.java.Day12_Jan_24_A_Assertions_In_TestNG.I_TN_ClassAssignment_Assertions_Login" time="27.165" errors="0" timestamp="2024-01-28T20:45:35 EST" skipped="0">
  <testcase classname="com.java.Day12_Jan_24_A_Assertions_In_TestNG.I_TN_ClassAssignment_Assertions_Login" name="enterValidCredentials" time="5.667"/>
  <testcase classname="com.java.Day12_Jan_24_A_Assertions_In_TestNG.I_TN_ClassAssignment_Assertions_Login" name="enterValidEmailInvalidPassword" time="5.419"/>
  <testcase classname="com.java.Day12_Jan_24_A_Assertions_In_TestNG.I_TN_ClassAssignment_Assertions_Login" name="enterInvalidEmailValidPassword" time="5.362"/>
  <testcase classname="com.java.Day12_Jan_24_A_Assertions_In_TestNG.I_TN_ClassAssignment_Assertions_Login" name="enterInvalidCredentials" time="5.514"/>
  <testcase classname="com.java.Day12_Jan_24_A_Assertions_In_TestNG.I_TN_ClassAssignment_Assertions_Login" name="enterNoCredentials" time="5.203"/>
</testsuite> <!-- com.java.Day12_Jan_24_A_Assertions_In_TestNG.I_TN_ClassAssignment_Assertions_Login -->
