<?xml version="1.0" encoding="UTF-8"?>
<!-- Generated by org.testng.reporters.JUnitReportReporter -->
<testsuite hostname="LAPTOP-D04C1MQQ" failures="0" tests="1" name="com.java.TestNG.Day10_Jan_17_Introduction_to_TestNG.Annotations_Of_TestNG" time="0.011" errors="0" timestamp="2024-01-24T18:18:05 EST" skipped="0">
  <testcase classname="com.java.TestNG.Day10_Jan_17_Introduction_to_TestNG.Annotations_Of_TestNG" name="testcase1" time="0.011"/>
</testsuite> <!-- com.java.TestNG.Day10_Jan_17_Introduction_to_TestNG.Annotations_Of_TestNG -->
