<?xml version="1.0" encoding="UTF-8"?>
<!-- Generated by org.testng.reporters.JUnitReportReporter -->
<testsuite hostname="LAPTOP-D04C1MQQ" failures="0" tests="2" name="com.java.Day12_Jan_24_A_Assertions_In_TestNG.B_TN_Login_Validations_Using_Assert" time="18.741" errors="0" timestamp="2024-01-24T19:49:10 EST" skipped="0">
  <testcase classname="com.java.Day12_Jan_24_A_Assertions_In_TestNG.B_TN_Login_Validations_Using_Assert" name="enterValidEmailValidPassword" time="12.514"/>
  <testcase classname="com.java.Day12_Jan_24_A_Assertions_In_TestNG.B_TN_Login_Validations_Using_Assert" name="enterValidEmailInvalidPassword" time="6.227"/>
</testsuite> <!-- com.java.Day12_Jan_24_A_Assertions_In_TestNG.B_TN_Login_Validations_Using_Assert -->
