<?xml version="1.0" encoding="UTF-8"?>
<!-- Generated by org.testng.reporters.JUnitReportReporter -->
<testsuite hostname="LAPTOP-D04C1MQQ" failures="0" tests="1" name="com.java.Day11_Jan_23_C_Cookies_Dropdown.B_Select_Dropdown" time="5.828" errors="0" timestamp="2024-01-23T22:08:35 EST" skipped="0">
  <testcase classname="com.java.Day11_Jan_23_C_Cookies_Dropdown.B_Select_Dropdown" name="facebookDateOfBirthDropdown" time="5.828"/>
</testsuite> <!-- com.java.Day11_Jan_23_C_Cookies_Dropdown.B_Select_Dropdown -->
