<?xml version="1.0" encoding="UTF-8"?>
<!-- Generated by org.testng.reporters.JUnitReportReporter -->
<testsuite hostname="LAPTOP-D04C1MQQ" failures="0" tests="1" name="com.automation.Day16_Feb_7_A_Date_Class_Concepts.A_Utilites" time="0.039" errors="0" timestamp="2024-02-07T22:23:12 EST" skipped="0">
  <testcase classname="com.automation.Day16_Feb_7_A_Date_Class_Concepts.A_Utilites" name="emailTimeStamp" time="0.039"/>
</testsuite> <!-- com.automation.Day16_Feb_7_A_Date_Class_Concepts.A_Utilites -->
