<?xml version="1.0" encoding="UTF-8"?>
<!-- Generated by org.testng.reporters.JUnitReportReporter -->
<testsuite hostname="LAPTOP-D04C1MQQ" failures="0" tests="5" name="com.java.TestNG.Day10_Jan_17_Introduction_to_TestNG.TriCombo_Application_In_Automation" time="63.092" errors="0" timestamp="2024-01-17T22:18:19 EST" skipped="0">
  <testcase classname="com.java.TestNG.Day10_Jan_17_Introduction_to_TestNG.TriCombo_Application_In_Automation" name="tryRegisterUnmatchPassword" time="14.027"/>
  <testcase classname="com.java.TestNG.Day10_Jan_17_Introduction_to_TestNG.TriCombo_Application_In_Automation" name="tryRegisterWithInvalidPhoneNumber" time="11.559"/>
  <testcase classname="com.java.TestNG.Day10_Jan_17_Introduction_to_TestNG.TriCombo_Application_In_Automation" name="tryRegisterWithoutClickingAgreeButton" time="12.128"/>
  <testcase classname="com.java.TestNG.Day10_Jan_17_Introduction_to_TestNG.TriCombo_Application_In_Automation" name="tryRegisterWithoutPassword" time="11.911"/>
  <testcase classname="com.java.TestNG.Day10_Jan_17_Introduction_to_TestNG.TriCombo_Application_In_Automation" name="tryRegisterWithoutEmail" time="13.467"/>
</testsuite> <!-- com.java.TestNG.Day10_Jan_17_Introduction_to_TestNG.TriCombo_Application_In_Automation -->
