<?xml version="1.0" encoding="UTF-8"?>
<!-- Generated by org.testng.reporters.JUnitReportReporter -->
<testsuite hostname="LAPTOP-D04C1MQQ" failures="0" tests="1" name="com.automation.Day18_Feb_14_C_Mouse_Keyboard_Actions.B_Mouse_actions" time="4.306" errors="0" timestamp="2024-02-14T22:45:26 EST" skipped="0">
  <testcase classname="com.automation.Day18_Feb_14_C_Mouse_Keyboard_Actions.B_Mouse_actions" name="mouseActionsOperationsDragAndDrop" time="4.306"/>
</testsuite> <!-- com.automation.Day18_Feb_14_C_Mouse_Keyboard_Actions.B_Mouse_actions -->
