<?xml version="1.0" encoding="UTF-8"?>
<!-- Generated by org.testng.reporters.JUnitReportReporter -->
<testsuite hostname="LAPTOP-D04C1MQQ" failures="0" tests="1" name="com.java.Day13_Jan_31_A_.For_Test" time="6.556" errors="0" timestamp="2024-01-31T19:36:31 EST" skipped="0">
  <testcase classname="com.java.Day13_Jan_31_A_.For_Test" name="Test1" time="6.556"/>
</testsuite> <!-- com.java.Day13_Jan_31_A_.For_Test -->
