<?xml version="1.0" encoding="UTF-8"?>
<!-- Generated by org.testng.reporters.JUnitReportReporter -->
<testsuite hostname="LAPTOP-D04C1MQQ" failures="0" tests="1" name="com.automation.Day18_Feb_14_B_Wait_Selenium_Extra_Topics.E_Screenshots" time="5.896" errors="0" timestamp="2024-02-14T21:08:38 EST" skipped="0">
  <testcase classname="com.automation.Day18_Feb_14_B_Wait_Selenium_Extra_Topics.E_Screenshots" name="howToCaptureScreenShot" time="5.896"/>
</testsuite> <!-- com.automation.Day18_Feb_14_B_Wait_Selenium_Extra_Topics.E_Screenshots -->
