<?xml version="1.0" encoding="UTF-8"?>
<!-- Generated by org.testng.reporters.JUnitReportReporter -->
<testsuite hostname="LAPTOP-D04C1MQQ" failures="0" tests="5" name="com.automation.Day15_Feb_6_B_Applying_OOPs_In_Automation.B_Login" time="40.521" errors="0" timestamp="2024-02-24T17:42:51 EST" skipped="0">
  <testcase classname="com.automation.Day15_Feb_6_B_Applying_OOPs_In_Automation.B_Login" name="verifyLoginWithValidCredentials" time="6.907"/>
  <testcase classname="com.automation.Day15_Feb_6_B_Applying_OOPs_In_Automation.B_Login" name="verifyLoginWithInvalidCredentials" time="8.456"/>
  <testcase classname="com.automation.Day15_Feb_6_B_Applying_OOPs_In_Automation.B_Login" name="verifyLoginWithValidEmailInvalidPassword" time="11.552"/>
  <testcase classname="com.automation.Day15_Feb_6_B_Applying_OOPs_In_Automation.B_Login" name="verifyLoginWithInvalidEmailValidPassword" time="6.266"/>
  <testcase classname="com.automation.Day15_Feb_6_B_Applying_OOPs_In_Automation.B_Login" name="verifyLoginWithNoCredentials" time="7.340"/>
</testsuite> <!-- com.automation.Day15_Feb_6_B_Applying_OOPs_In_Automation.B_Login -->
