<?xml version="1.0" encoding="UTF-8"?>
<!-- Generated by org.testng.reporters.JUnitReportReporter -->
<testsuite hostname="LAPTOP-D04C1MQQ" failures="0" tests="1" name="com.TestNG.Day20_Feb_21_C_RunningMultipleSuites_Smoke.Testxml" time="0.005" errors="0" timestamp="2024-02-21T21:47:32 EST" skipped="0">
  <testcase classname="com.TestNG.Day20_Feb_21_C_RunningMultipleSuites_Smoke.Testxml" name="tryingToXml" time="0.005"/>
</testsuite> <!-- com.TestNG.Day20_Feb_21_C_RunningMultipleSuites_Smoke.Testxml -->
